[   11656ms] [ERROR] Failed to load module script: Expected a JavaScript-or-Wasm module script but the server responded with a MIME type of "text/html". Strict MIME type checking is enforced for module scripts per HTML spec. @ https://www.sogojet.com/assets/useBooking-U9YucnIB.js:0
[   11656ms] [ERROR] Failed to load module script: Expected a JavaScript-or-Wasm module script but the server responded with a MIME type of "text/html". Strict MIME type checking is enforced for module scripts per HTML spec. @ https://www.sogojet.com/assets/AirlineLogo-DAkGGVRP.js:0
[   11658ms] [ERROR] Failed to load module script: Expected a JavaScript-or-Wasm module script but the server responded with a MIME type of "text/html". Strict MIME type checking is enforced for module scripts per HTML spec. @ https://www.sogojet.com/assets/BookingHeader-BzeuFFUe.js:0
[   11664ms] [ERROR] Failed to load module script: Expected a JavaScript-or-Wasm module script but the server responded with a MIME type of "text/html". Strict MIME type checking is enforced for module scripts per HTML spec. @ https://www.sogojet.com/assets/FlightSelectionScreen-CvF9epRf.js:0
[   11667ms] [ERROR] TypeError: Failed to fetch dynamically imported module: https://www.sogojet.com/assets/FlightSelectionScreen-CvF9epRf.js @ https://www.sogojet.com/assets/index-BZYB3qsv.js:48
[   11668ms] [ERROR] ErrorBoundary caught: TypeError: Failed to fetch dynamically imported module: https://www.sogojet.com/assets/FlightSelectionScreen-CvF9epRf.js 
    at _b (https://www.sogojet.com/assets/index-BZYB3qsv.js:61:4093)
    at jb (https://www.sogojet.com/assets/index-BZYB3qsv.js:61:8873)
    at Suspense (<anonymous>)
    at div (<anonymous>)
    at div (<anonymous>)
    at LC (https://www.sogojet.com/assets/index-BZYB3qsv.js:83:71599)
    at eT (https://www.sogojet.com/assets/index-BZYB3qsv.js:83:74872)
    at DC (https://www.sogojet.com/assets/index-BZYB3qsv.js:83:69323)
    at jC (https://www.sogojet.com/assets/index-BZYB3qsv.js:83:68564)
    at wb (https://www.sogojet.com/assets/index-BZYB3qsv.js:61:7948)
    at lE (https://www.sogojet.com/assets/index-BZYB3qsv.js:61:17669)
    at qE (https://www.sogojet.com/assets/index-BZYB3qsv.js:61:52224)
    at V_ (https://www.sogojet.com/assets/index-BZYB3qsv.js:76:8003)
    at w_ (https://www.sogojet.com/assets/index-BZYB3qsv.js:76:5670)
    at H_ (https://www.sogojet.com/assets/index-BZYB3qsv.js:76:7763)
    at K_ (https://www.sogojet.com/assets/index-BZYB3qsv.js:76:8107)
    at bC (https://www.sogojet.com/assets/index-BZYB3qsv.js:83:56576)
    at _C (https://www.sogojet.com/assets/index-BZYB3qsv.js:83:58123)
    at o (https://www.sogojet.com/assets/index-BZYB3qsv.js:83:1861) @ https://www.sogojet.com/assets/index-BZYB3qsv.js:82
