[   92383ms] [ERROR] Failed to load resource: the server responded with a status of 500 () @ https://www.sogojet.com/api/saved?action=save-prefs:0
[   94347ms] [ERROR] Failed to load resource: the server responded with a status of 400 () @ https://www.sogojet.com/api/swipe:0
[   94418ms] [ERROR] Failed to load resource: the server responded with a status of 400 () @ https://www.sogojet.com/api/swipe:0
[  103267ms] [ERROR] Failed to load resource: the server responded with a status of 400 () @ https://www.sogojet.com/api/swipe:0
[  114387ms] [ERROR] Error: Minified React error #310; visit https://react.dev/errors/310 for the full message or use the non-minified dev environment for full errors and additional helpful warnings.
    at Ke (https://www.sogojet.com/assets/index-DmHG0uOr.js:49:49318)
    at Qu (https://www.sogojet.com/assets/index-DmHG0uOr.js:49:50385)
    at Object.useState (https://www.sogojet.com/assets/index-DmHG0uOr.js:49:62606)
    at RS.oe.useState (https://www.sogojet.com/assets/index-DmHG0uOr.js:18:7524)
    at oe (https://www.sogojet.com/assets/FlightSelectionScreen-CkJnF6vH.js:1:4175)
    at fo (https://www.sogojet.com/assets/index-DmHG0uOr.js:49:48040)
    at jo (https://www.sogojet.com/assets/index-DmHG0uOr.js:49:70845)
    at im (https://www.sogojet.com/assets/index-DmHG0uOr.js:49:81177)
    at km (https://www.sogojet.com/assets/index-DmHG0uOr.js:49:116928)
    at U0 (https://www.sogojet.com/assets/index-DmHG0uOr.js:49:115974) @ https://www.sogojet.com/assets/index-DmHG0uOr.js:48
[  114388ms] [ERROR] ErrorBoundary caught: Error: Minified React error #310; visit https://react.dev/errors/310 for the full message or use the non-minified dev environment for full errors and additional helpful warnings.
    at Ke (https://www.sogojet.com/assets/index-DmHG0uOr.js:49:49318)
    at Qu (https://www.sogojet.com/assets/index-DmHG0uOr.js:49:50385)
    at Object.useState (https://www.sogojet.com/assets/index-DmHG0uOr.js:49:62606)
    at RS.oe.useState (https://www.sogojet.com/assets/index-DmHG0uOr.js:18:7524)
    at oe (https://www.sogojet.com/assets/FlightSelectionScreen-CkJnF6vH.js:1:4175)
    at fo (https://www.sogojet.com/assets/index-DmHG0uOr.js:49:48040)
    at jo (https://www.sogojet.com/assets/index-DmHG0uOr.js:49:70845)
    at im (https://www.sogojet.com/assets/index-DmHG0uOr.js:49:81177)
    at km (https://www.sogojet.com/assets/index-DmHG0uOr.js:49:116928)
    at U0 (https://www.sogojet.com/assets/index-DmHG0uOr.js:49:115974) 
    at oe (https://www.sogojet.com/assets/FlightSelectionScreen-CkJnF6vH.js:1:2248)
    at bb (https://www.sogojet.com/assets/index-DmHG0uOr.js:61:4093)
    at Mb (https://www.sogojet.com/assets/index-DmHG0uOr.js:61:8873)
    at Suspense (<anonymous>)
    at div (<anonymous>)
    at div (<anonymous>)
    at kC (https://www.sogojet.com/assets/index-DmHG0uOr.js:83:71580)
    at IC (https://www.sogojet.com/assets/index-DmHG0uOr.js:83:74843)
    at jC (https://www.sogojet.com/assets/index-DmHG0uOr.js:83:69304)
    at MC (https://www.sogojet.com/assets/index-DmHG0uOr.js:83:68545)
    at Ub (https://www.sogojet.com/assets/index-DmHG0uOr.js:61:7948)
    at tE (https://www.sogojet.com/assets/index-DmHG0uOr.js:61:17669)
    at HE (https://www.sogojet.com/assets/index-DmHG0uOr.js:61:52224)
    at Y_ (https://www.sogojet.com/assets/index-DmHG0uOr.js:76:8003)
    at U_ (https://www.sogojet.com/assets/index-DmHG0uOr.js:76:5670)
    at N_ (https://www.sogojet.com/assets/index-DmHG0uOr.js:76:7763)
    at V_ (https://www.sogojet.com/assets/index-DmHG0uOr.js:76:8107)
    at vC (https://www.sogojet.com/assets/index-DmHG0uOr.js:83:56576)
    at bC (https://www.sogojet.com/assets/index-DmHG0uOr.js:83:58123)
    at o (https://www.sogojet.com/assets/index-DmHG0uOr.js:83:1861) @ https://www.sogojet.com/assets/index-DmHG0uOr.js:82
