[   13462ms] [ERROR] Failed to load module script: Expected a JavaScript-or-Wasm module script but the server responded with a MIME type of "text/html". Strict MIME type checking is enforced for module scripts per HTML spec. @ https://www.sogojet.com/assets/FlightSelectionScreen-BMXHBooP.js:0
[   13463ms] [ERROR] Failed to load module script: Expected a JavaScript-or-Wasm module script but the server responded with a MIME type of "text/html". Strict MIME type checking is enforced for module scripts per HTML spec. @ https://www.sogojet.com/assets/BookingHeader-BGV-l9Hw.js:0
[   13470ms] [ERROR] TypeError: Failed to fetch dynamically imported module: https://www.sogojet.com/assets/FlightSelectionScreen-BMXHBooP.js @ https://www.sogojet.com/assets/index-C_FvQ5Hn.js:48
[   13472ms] [ERROR] ErrorBoundary caught: TypeError: Failed to fetch dynamically imported module: https://www.sogojet.com/assets/FlightSelectionScreen-BMXHBooP.js 
    at Eb (https://www.sogojet.com/assets/index-C_FvQ5Hn.js:61:4093)
    at wb (https://www.sogojet.com/assets/index-C_FvQ5Hn.js:61:8873)
    at Suspense (<anonymous>)
    at div (<anonymous>)
    at div (<anonymous>)
    at kC (https://www.sogojet.com/assets/index-C_FvQ5Hn.js:83:71448)
    at WC (https://www.sogojet.com/assets/index-C_FvQ5Hn.js:83:74584)
    at jC (https://www.sogojet.com/assets/index-C_FvQ5Hn.js:83:69172)
    at MC (https://www.sogojet.com/assets/index-C_FvQ5Hn.js:83:68547)
    at Mb (https://www.sogojet.com/assets/index-C_FvQ5Hn.js:61:7948)
    at nE (https://www.sogojet.com/assets/index-C_FvQ5Hn.js:61:17669)
    at BE (https://www.sogojet.com/assets/index-C_FvQ5Hn.js:61:52224)
    at Q_ (https://www.sogojet.com/assets/index-C_FvQ5Hn.js:76:8003)
    at M_ (https://www.sogojet.com/assets/index-C_FvQ5Hn.js:76:5670)
    at L_ (https://www.sogojet.com/assets/index-C_FvQ5Hn.js:76:7763)
    at P_ (https://www.sogojet.com/assets/index-C_FvQ5Hn.js:76:8107)
    at SC (https://www.sogojet.com/assets/index-C_FvQ5Hn.js:83:56576)
    at EC (https://www.sogojet.com/assets/index-C_FvQ5Hn.js:83:58123)
    at o (https://www.sogojet.com/assets/index-C_FvQ5Hn.js:83:1861) @ https://www.sogojet.com/assets/index-C_FvQ5Hn.js:82
[   13477ms] [ERROR] Failed to load module script: Expected a JavaScript-or-Wasm module script but the server responded with a MIME type of "text/html". Strict MIME type checking is enforced for module scripts per HTML spec. @ https://www.sogojet.com/assets/useBooking-DWKV5KxQ.js:0
