[   17811ms] [ERROR] TypeError: Cannot read properties of undefined (reading 'departureTime')
    at https://www.sogojet.com/assets/FlightSelectionScreen-Ba5g2wkI.js:1:4838
    at Array.map (<anonymous>)
    at oe (https://www.sogojet.com/assets/FlightSelectionScreen-Ba5g2wkI.js:1:4759)
    at fo (https://www.sogojet.com/assets/index-XbgMvRnw.js:49:48040)
    at jo (https://www.sogojet.com/assets/index-XbgMvRnw.js:49:70845)
    at im (https://www.sogojet.com/assets/index-XbgMvRnw.js:49:81177)
    at km (https://www.sogojet.com/assets/index-XbgMvRnw.js:49:116928)
    at U0 (https://www.sogojet.com/assets/index-XbgMvRnw.js:49:115974)
    at ec (https://www.sogojet.com/assets/index-XbgMvRnw.js:49:115806)
    at Um (https://www.sogojet.com/assets/index-XbgMvRnw.js:49:112604) @ https://www.sogojet.com/assets/index-XbgMvRnw.js:48
[   17813ms] [ERROR] ErrorBoundary caught: TypeError: Cannot read properties of undefined (reading 'departureTime')
    at https://www.sogojet.com/assets/FlightSelectionScreen-Ba5g2wkI.js:1:4838
    at Array.map (<anonymous>)
    at oe (https://www.sogojet.com/assets/FlightSelectionScreen-Ba5g2wkI.js:1:4759)
    at fo (https://www.sogojet.com/assets/index-XbgMvRnw.js:49:48040)
    at jo (https://www.sogojet.com/assets/index-XbgMvRnw.js:49:70845)
    at im (https://www.sogojet.com/assets/index-XbgMvRnw.js:49:81177)
    at km (https://www.sogojet.com/assets/index-XbgMvRnw.js:49:116928)
    at U0 (https://www.sogojet.com/assets/index-XbgMvRnw.js:49:115974)
    at ec (https://www.sogojet.com/assets/index-XbgMvRnw.js:49:115806)
    at Um (https://www.sogojet.com/assets/index-XbgMvRnw.js:49:112604) 
    at oe (https://www.sogojet.com/assets/FlightSelectionScreen-Ba5g2wkI.js:1:2248)
    at bb (https://www.sogojet.com/assets/index-XbgMvRnw.js:61:4093)
    at Mb (https://www.sogojet.com/assets/index-XbgMvRnw.js:61:8873)
    at Suspense (<anonymous>)
    at div (<anonymous>)
    at div (<anonymous>)
    at kC (https://www.sogojet.com/assets/index-XbgMvRnw.js:83:71580)
    at IC (https://www.sogojet.com/assets/index-XbgMvRnw.js:83:74843)
    at jC (https://www.sogojet.com/assets/index-XbgMvRnw.js:83:69304)
    at MC (https://www.sogojet.com/assets/index-XbgMvRnw.js:83:68545)
    at Ub (https://www.sogojet.com/assets/index-XbgMvRnw.js:61:7948)
    at tE (https://www.sogojet.com/assets/index-XbgMvRnw.js:61:17669)
    at HE (https://www.sogojet.com/assets/index-XbgMvRnw.js:61:52224)
    at Y_ (https://www.sogojet.com/assets/index-XbgMvRnw.js:76:8003)
    at U_ (https://www.sogojet.com/assets/index-XbgMvRnw.js:76:5670)
    at N_ (https://www.sogojet.com/assets/index-XbgMvRnw.js:76:7763)
    at V_ (https://www.sogojet.com/assets/index-XbgMvRnw.js:76:8107)
    at vC (https://www.sogojet.com/assets/index-XbgMvRnw.js:83:56576)
    at bC (https://www.sogojet.com/assets/index-XbgMvRnw.js:83:58123)
    at o (https://www.sogojet.com/assets/index-XbgMvRnw.js:83:1861) @ https://www.sogojet.com/assets/index-XbgMvRnw.js:82
