[    1612ms] [ERROR] Failed to load resource: the server responded with a status of 400 () @ https://clerk.sogojet.com/v1/client?__clerk_api_version=2025-11-10&_clerk_js_version=5.125.4:0
[    1614ms] [ERROR] Failed to load resource: the server responded with a status of 400 () @ https://clerk.sogojet.com/v1/environment?__clerk_api_version=2025-11-10&_clerk_js_version=5.125.4:0
[    1615ms] [ERROR] e: Clerk: Production Keys are only allowed for domain "sogojet.com". 
API Error: The Request HTTP Origin header must be equal to or a subdomain of the requesting URL.
    at https://clerk.sogojet.com/npm/@clerk/clerk-js@5/dist/clerk.browser.js:2:7182
    at u._baseFetch (https://clerk.sogojet.com/npm/@clerk/clerk-js@5/dist/clerk.browser.js:3:38)
    at async d.execute (https://clerk.sogojet.com/npm/@clerk/clerk-js@5/dist/clerk.browser.js:2:5226)
    at async s._baseGet (https://clerk.sogojet.com/npm/@clerk/clerk-js@5/dist/clerk.browser.js:3:567)
    at async Promise.all (index 1)
    at async #U (https://clerk.sogojet.com/npm/@clerk/clerk-js@5/dist/clerk.browser.js:5:73509)
    at async e5.load (https://clerk.sogojet.com/npm/@clerk/clerk-js@5/dist/clerk.browser.js:5:34322)
    at async _IsomorphicClerk2.loadClerkJS (http://localhost:3001/node_modules/.vite/deps/@clerk_clerk-react.js?v=5f6d41db:6805:9) @ http://localhost:3001/node_modules/.vite/deps/@clerk_clerk-react.js?v=5f6d41db:6813
[    1722ms] [ERROR] Failed to load resource: the server responded with a status of 400 () @ https://clerk.sogojet.com/v1/client?__clerk_api_version=2025-11-10&_clerk_js_version=5.125.4:0
[    1739ms] [ERROR] Failed to load resource: the server responded with a status of 400 () @ https://clerk.sogojet.com/v1/environment?__clerk_api_version=2025-11-10&_clerk_js_version=5.125.4:0
[    1739ms] [ERROR] e: Clerk: Production Keys are only allowed for domain "sogojet.com". 
API Error: The Request HTTP Origin header must be equal to or a subdomain of the requesting URL.
    at https://clerk.sogojet.com/npm/@clerk/clerk-js@5/dist/clerk.browser.js:2:7182
    at u._baseFetch (https://clerk.sogojet.com/npm/@clerk/clerk-js@5/dist/clerk.browser.js:3:38)
    at async d.execute (https://clerk.sogojet.com/npm/@clerk/clerk-js@5/dist/clerk.browser.js:2:5226)
    at async s._baseGet (https://clerk.sogojet.com/npm/@clerk/clerk-js@5/dist/clerk.browser.js:3:567)
    at async Promise.all (index 1)
    at async #U (https://clerk.sogojet.com/npm/@clerk/clerk-js@5/dist/clerk.browser.js:5:73509)
    at async e5.load (https://clerk.sogojet.com/npm/@clerk/clerk-js@5/dist/clerk.browser.js:5:34322)
    at async _IsomorphicClerk2.loadClerkJS (http://localhost:3001/node_modules/.vite/deps/@clerk_clerk-react.js?v=5f6d41db:6805:9) @ http://localhost:3001/node_modules/.vite/deps/@clerk_clerk-react.js?v=5f6d41db:6813
