[    6534ms] [ERROR] Failed to load resource: the server responded with a status of 400 () @ https://www.sogojet.com/api/swipe:0
[    6545ms] [ERROR] Failed to load resource: the server responded with a status of 400 () @ https://www.sogojet.com/api/swipe:0
[   27266ms] [ERROR] Failed to load module script: Expected a JavaScript-or-Wasm module script but the server responded with a MIME type of "text/html". Strict MIME type checking is enforced for module scripts per HTML spec. @ https://www.sogojet.com/assets/DestinationDetailScreen-BdbpFYV3.js:0
[   27266ms] [ERROR] Failed to load module script: Expected a JavaScript-or-Wasm module script but the server responded with a MIME type of "text/html". Strict MIME type checking is enforced for module scripts per HTML spec. @ https://www.sogojet.com/assets/bookingStore-BP2r9QOT.js:0
[   27274ms] [ERROR] TypeError: Failed to fetch dynamically imported module: https://www.sogojet.com/assets/DestinationDetailScreen-BdbpFYV3.js @ https://www.sogojet.com/assets/index-KhUSLZZq.js:48
[   27274ms] [ERROR] ErrorBoundary caught: TypeError: Failed to fetch dynamically imported module: https://www.sogojet.com/assets/DestinationDetailScreen-BdbpFYV3.js 
    at _b (https://www.sogojet.com/assets/index-KhUSLZZq.js:61:4093)
    at jb (https://www.sogojet.com/assets/index-KhUSLZZq.js:61:8873)
    at Suspense (<anonymous>)
    at div (<anonymous>)
    at div (<anonymous>)
    at LC (https://www.sogojet.com/assets/index-KhUSLZZq.js:83:71599)
    at eT (https://www.sogojet.com/assets/index-KhUSLZZq.js:83:74862)
    at DC (https://www.sogojet.com/assets/index-KhUSLZZq.js:83:69323)
    at jC (https://www.sogojet.com/assets/index-KhUSLZZq.js:83:68564)
    at wb (https://www.sogojet.com/assets/index-KhUSLZZq.js:61:7948)
    at lE (https://www.sogojet.com/assets/index-KhUSLZZq.js:61:17669)
    at qE (https://www.sogojet.com/assets/index-KhUSLZZq.js:61:52224)
    at V_ (https://www.sogojet.com/assets/index-KhUSLZZq.js:76:8003)
    at w_ (https://www.sogojet.com/assets/index-KhUSLZZq.js:76:5670)
    at H_ (https://www.sogojet.com/assets/index-KhUSLZZq.js:76:7763)
    at K_ (https://www.sogojet.com/assets/index-KhUSLZZq.js:76:8107)
    at bC (https://www.sogojet.com/assets/index-KhUSLZZq.js:83:56576)
    at _C (https://www.sogojet.com/assets/index-KhUSLZZq.js:83:58123)
    at o (https://www.sogojet.com/assets/index-KhUSLZZq.js:83:1861) @ https://www.sogojet.com/assets/index-KhUSLZZq.js:82
[   27274ms] [ERROR] Failed to load module script: Expected a JavaScript-or-Wasm module script but the server responded with a MIME type of "text/html". Strict MIME type checking is enforced for module scripts per HTML spec. @ https://www.sogojet.com/assets/useQuery-D_j8Obcu.js:0
[   27441ms] [ERROR] Failed to load resource: the server responded with a status of 400 () @ https://www.sogojet.com/api/swipe:0
