[    4813ms] [ERROR] Failed to load resource: the server responded with a status of 400 () @ https://www.sogojet.com/api/swipe:0
[   22332ms] [ERROR] Error: Minified React error #310; visit https://react.dev/errors/310 for the full message or use the non-minified dev environment for full errors and additional helpful warnings.
    at Ke (https://www.sogojet.com/assets/index-DFMpT-qU.js:49:49318)
    at Object.zh [as useMemo] (https://www.sogojet.com/assets/index-DFMpT-qU.js:49:56865)
    at US.oe.useMemo (https://www.sogojet.com/assets/index-DFMpT-qU.js:18:7309)
    at Se (https://www.sogojet.com/assets/FlightSelectionScreen-ytqJzAbQ.js:8:9163)
    at fo (https://www.sogojet.com/assets/index-DFMpT-qU.js:49:48040)
    at jo (https://www.sogojet.com/assets/index-DFMpT-qU.js:49:70845)
    at um (https://www.sogojet.com/assets/index-DFMpT-qU.js:49:81177)
    at Nm (https://www.sogojet.com/assets/index-DFMpT-qU.js:49:116928)
    at w0 (https://www.sogojet.com/assets/index-DFMpT-qU.js:49:115974)
    at ec (https://www.sogojet.com/assets/index-DFMpT-qU.js:49:115806) @ https://www.sogojet.com/assets/index-DFMpT-qU.js:48
[   22333ms] [ERROR] ErrorBoundary caught: Error: Minified React error #310; visit https://react.dev/errors/310 for the full message or use the non-minified dev environment for full errors and additional helpful warnings.
    at Ke (https://www.sogojet.com/assets/index-DFMpT-qU.js:49:49318)
    at Object.zh [as useMemo] (https://www.sogojet.com/assets/index-DFMpT-qU.js:49:56865)
    at US.oe.useMemo (https://www.sogojet.com/assets/index-DFMpT-qU.js:18:7309)
    at Se (https://www.sogojet.com/assets/FlightSelectionScreen-ytqJzAbQ.js:8:9163)
    at fo (https://www.sogojet.com/assets/index-DFMpT-qU.js:49:48040)
    at jo (https://www.sogojet.com/assets/index-DFMpT-qU.js:49:70845)
    at um (https://www.sogojet.com/assets/index-DFMpT-qU.js:49:81177)
    at Nm (https://www.sogojet.com/assets/index-DFMpT-qU.js:49:116928)
    at w0 (https://www.sogojet.com/assets/index-DFMpT-qU.js:49:115974)
    at ec (https://www.sogojet.com/assets/index-DFMpT-qU.js:49:115806) 
    at Se (https://www.sogojet.com/assets/FlightSelectionScreen-ytqJzAbQ.js:8:6515)
    at _b (https://www.sogojet.com/assets/index-DFMpT-qU.js:61:4093)
    at jb (https://www.sogojet.com/assets/index-DFMpT-qU.js:61:8873)
    at Suspense (<anonymous>)
    at div (<anonymous>)
    at div (<anonymous>)
    at LC (https://www.sogojet.com/assets/index-DFMpT-qU.js:83:71599)
    at eT (https://www.sogojet.com/assets/index-DFMpT-qU.js:83:74872)
    at DC (https://www.sogojet.com/assets/index-DFMpT-qU.js:83:69323)
    at jC (https://www.sogojet.com/assets/index-DFMpT-qU.js:83:68564)
    at wb (https://www.sogojet.com/assets/index-DFMpT-qU.js:61:7948)
    at lE (https://www.sogojet.com/assets/index-DFMpT-qU.js:61:17669)
    at qE (https://www.sogojet.com/assets/index-DFMpT-qU.js:61:52224)
    at V_ (https://www.sogojet.com/assets/index-DFMpT-qU.js:76:8003)
    at w_ (https://www.sogojet.com/assets/index-DFMpT-qU.js:76:5670)
    at H_ (https://www.sogojet.com/assets/index-DFMpT-qU.js:76:7763)
    at K_ (https://www.sogojet.com/assets/index-DFMpT-qU.js:76:8107)
    at bC (https://www.sogojet.com/assets/index-DFMpT-qU.js:83:56576)
    at _C (https://www.sogojet.com/assets/index-DFMpT-qU.js:83:58123)
    at o (https://www.sogojet.com/assets/index-DFMpT-qU.js:83:1861) @ https://www.sogojet.com/assets/index-DFMpT-qU.js:82
